0 info it worked if it ends with ok
1 verbose cli [ '/usr/local/bin/node', '/usr/local/bin/npm', 'publish' ]
2 info using npm@2.15.1
3 info using node@v4.4.4
4 verbose publish [ '.' ]
5 silly cache add args [ '.', null ]
6 verbose cache add spec .
7 silly cache add parsed spec Result {
7 silly cache add   raw: '.',
7 silly cache add   scope: null,
7 silly cache add   name: null,
7 silly cache add   rawSpec: '.',
7 silly cache add   spec: '/Users/shadeglare/Desktop/expanse',
7 silly cache add   type: 'directory' }
8 verbose addLocalDirectory /Users/shadeglare/.npm/expanse/0.5.2/package.tgz not in flight; packing
9 verbose correctMkdir /Users/shadeglare/.npm correctMkdir not in flight; initializing
10 verbose tar pack [ '/Users/shadeglare/.npm/expanse/0.5.2/package.tgz',
10 verbose tar pack   '/Users/shadeglare/Desktop/expanse' ]
11 verbose tarball /Users/shadeglare/.npm/expanse/0.5.2/package.tgz
12 verbose folder /Users/shadeglare/Desktop/expanse
13 info prepublish expanse@0.5.2
14 verbose addLocalTarball adding from inside cache /Users/shadeglare/.npm/expanse/0.5.2/package.tgz
15 verbose correctMkdir /Users/shadeglare/.npm correctMkdir not in flight; initializing
16 silly cache afterAdd expanse@0.5.2
17 verbose afterAdd /Users/shadeglare/.npm/expanse/0.5.2/package/package.json not in flight; writing
18 verbose correctMkdir /Users/shadeglare/.npm correctMkdir not in flight; initializing
19 verbose afterAdd /Users/shadeglare/.npm/expanse/0.5.2/package/package.json written
20 silly publish { name: 'expanse',
20 silly publish   version: '0.5.2',
20 silly publish   description: 'A simple HTML DOM builder based on the native DOM API',
20 silly publish   main: 'dist/Html.js',
20 silly publish   typings: 'dist/Html',
20 silly publish   scripts: { test: 'echo "Error: no test specified" && exit 1' },
20 silly publish   keywords: [ 'html', 'dom', 'dom builder', 'typescript', 'util', 'utility' ],
20 silly publish   author: { name: 'Max Koverdyaev', email: 'shadeglare@gmail.com' },
20 silly publish   license: 'MIT',
20 silly publish   devDependencies:
20 silly publish    { 'json-loader': '^0.5.4',
20 silly publish      'ts-loader': '^0.8.2',
20 silly publish      typescript: '^2.0.3' },
20 silly publish   readme: 'Expanse\n===========\n\n[![Version](http://img.shields.io/npm/v/expanse.svg)](https://www.npmjs.org/package/expanse)\n[![License](http://img.shields.io/:license-mit-blue.svg)](http://badges.mit-license.org)\n[![Downloads](http://img.shields.io/npm/dm/expanse.svg)](https://npmjs.org/package/expanse)\n[![Downloads](http://img.shields.io/npm/dt/expanse.svg)](https://npmjs.org/package/expanse)\n\nA simple HTML DOM builder based on the native DOM API.\nCompatible with TypeScript commonjs module resolution.\n\nInstall with npm:\n\n```sh\nnpm install --save expanse\n```\n\n## Usage\n\nHere\'s an example how to use the library (in TypeScript):\n\n```js\nimport { h1, div, p, a, input } from "expanse";\n\nwindow.onload = () => {\n    console.log("welcome to expanse");\n\n    let title = div().className("title").text("Value:");\n    let value = div().className("value").text("0");\n    let click =  e => {\n        e.preventDefault();\n        alert("click");\n    };\n    let link = a().attr("href", "#").text("link").on("click", click);\n    let data = input().on("input", e => {\n        console.log(e.target["value"]);\n    });\n    let block = div([title, value], link, data).className("block").appendTo(document.body);\n\n    let x = 0;\n\n    console.log(block.css("display"));\n\n    setInterval(() => {\n        x++;\n        value.text(x.toFixed(0));\n\n        if (x === 10) {\n            value.detach();\n            title.removeClassName();\n            link.off("click", click);\n        }\n    }, 200);\n};\n```\n\n## License\n\n[MIT](LICENSE)\n',
20 silly publish   readmeFilename: 'README.md',
20 silly publish   gitHead: '50fd24d8bba2971c88721f8fef4fdf72823ebac7',
20 silly publish   _id: 'expanse@0.5.2',
20 silly publish   _shasum: 'aba983ea266d971d2599ecf8ead84d326f64f948',
20 silly publish   _from: '.' }
21 verbose getPublishConfig undefined
22 silly mapToRegistry name expanse
23 silly mapToRegistry using default registry
24 silly mapToRegistry registry https://registry.npmjs.org/
25 silly mapToRegistry data Result {
25 silly mapToRegistry   raw: 'expanse',
25 silly mapToRegistry   scope: null,
25 silly mapToRegistry   name: 'expanse',
25 silly mapToRegistry   rawSpec: '',
25 silly mapToRegistry   spec: 'latest',
25 silly mapToRegistry   type: 'tag' }
26 silly mapToRegistry uri https://registry.npmjs.org/expanse
27 verbose publish registryBase https://registry.npmjs.org/
28 silly publish uploading /Users/shadeglare/.npm/expanse/0.5.2/package.tgz
29 verbose request uri https://registry.npmjs.org/expanse
30 verbose request sending authorization for write operation
31 info attempt registry request try #1 at 9:42:19 PM
32 verbose request using bearer token for auth
33 verbose request id 9a97d1570812d5b0
34 http request PUT https://registry.npmjs.org/expanse
35 http 403 https://registry.npmjs.org/expanse
36 verbose headers { 'content-type': 'application/json',
36 verbose headers   'cache-control': 'max-age=300',
36 verbose headers   'content-length': '95',
36 verbose headers   'accept-ranges': 'bytes',
36 verbose headers   date: 'Thu, 22 Sep 2016 18:42:21 GMT',
36 verbose headers   via: '1.1 varnish',
36 verbose headers   connection: 'keep-alive',
36 verbose headers   'x-served-by': 'cache-bma7027-BMA',
36 verbose headers   'x-cache': 'MISS',
36 verbose headers   'x-cache-hits': '0',
36 verbose headers   'x-timer': 'S1474569740.165252,VS0,VE1090',
36 verbose headers   vary: 'Accept-Encoding' }
37 verbose request invalidating /Users/shadeglare/.npm/registry.npmjs.org/expanse on PUT
38 error publish Failed PUT 403
39 verbose stack Error: "You cannot publish over the previously published version 0.5.2." : expanse
39 verbose stack     at makeError (/usr/local/lib/node_modules/npm/node_modules/npm-registry-client/lib/request.js:264:12)
39 verbose stack     at CachingRegistryClient.<anonymous> (/usr/local/lib/node_modules/npm/node_modules/npm-registry-client/lib/request.js:252:14)
39 verbose stack     at Request._callback (/usr/local/lib/node_modules/npm/node_modules/npm-registry-client/lib/request.js:172:14)
39 verbose stack     at Request.self.callback (/usr/local/lib/node_modules/npm/node_modules/request/request.js:199:22)
39 verbose stack     at emitTwo (events.js:87:13)
39 verbose stack     at Request.emit (events.js:172:7)
39 verbose stack     at Request.<anonymous> (/usr/local/lib/node_modules/npm/node_modules/request/request.js:1036:10)
39 verbose stack     at emitOne (events.js:82:20)
39 verbose stack     at Request.emit (events.js:169:7)
39 verbose stack     at IncomingMessage.<anonymous> (/usr/local/lib/node_modules/npm/node_modules/request/request.js:963:12)
40 verbose statusCode 403
41 verbose pkgid expanse
42 verbose cwd /Users/shadeglare/Desktop/expanse
43 error Darwin 16.0.0
44 error argv "/usr/local/bin/node" "/usr/local/bin/npm" "publish"
45 error node v4.4.4
46 error npm  v2.15.1
47 error code E403
48 error "You cannot publish over the previously published version 0.5.2." : expanse
49 error If you need help, you may report this error at:
49 error     <https://github.com/npm/npm/issues>
50 verbose exit [ 1, true ]
